2023-03-12T15:42:41.981-05:00  INFO 4804 --- [main] api.cinestar.CinestarapiApplication      : Starting CinestarapiApplication using Java 19.0.2 with PID 4804 (C:\Users\Alexander\Documents\workspace-spring-tool-suite-4-4.17.2.RELEASE\cinestarapi\target\classes started by Alexander in C:\Users\Alexander\Documents\workspace-spring-tool-suite-4-4.17.2.RELEASE\cinestarapi)
2023-03-12T15:42:41.985-05:00  INFO 4804 --- [main] api.cinestar.CinestarapiApplication      : No active profile set, falling back to 1 default profile: "default"
2023-03-12T15:42:42.719-05:00  INFO 4804 --- [main] .s.d.r.c.RepositoryConfigurationDelegate : Bootstrapping Spring Data JPA repositories in DEFAULT mode.
2023-03-12T15:42:42.740-05:00  INFO 4804 --- [main] .s.d.r.c.RepositoryConfigurationDelegate : Finished Spring Data repository scanning in 11 ms. Found 0 JPA repository interfaces.
2023-03-12T15:42:43.336-05:00  INFO 4804 --- [main] o.s.b.w.embedded.tomcat.TomcatWebServer  : Tomcat initialized with port(s): 8080 (http)
2023-03-12T15:42:43.347-05:00  INFO 4804 --- [main] o.apache.catalina.core.StandardService   : Starting service [Tomcat]
2023-03-12T15:42:43.348-05:00  INFO 4804 --- [main] o.apache.catalina.core.StandardEngine    : Starting Servlet engine: [Apache Tomcat/10.1.5]
2023-03-12T15:42:43.443-05:00  INFO 4804 --- [main] o.a.c.c.C.[.[localhost].[/cinestarapi]   : Initializing Spring embedded WebApplicationContext
2023-03-12T15:42:43.444-05:00  INFO 4804 --- [main] w.s.c.ServletWebServerApplicationContext : Root WebApplicationContext: initialization completed in 1356 ms
2023-03-12T15:42:43.565-05:00  INFO 4804 --- [main] com.zaxxer.hikari.HikariDataSource       : HikariPool-1 - Starting...
2023-03-12T15:42:43.712-05:00  INFO 4804 --- [main] com.zaxxer.hikari.pool.HikariPool        : HikariPool-1 - Added connection com.mysql.cj.jdbc.ConnectionImpl@32a4ecbe
2023-03-12T15:42:43.714-05:00  INFO 4804 --- [main] com.zaxxer.hikari.HikariDataSource       : HikariPool-1 - Start completed.
2023-03-12T15:42:43.756-05:00  INFO 4804 --- [main] o.hibernate.jpa.internal.util.LogHelper  : HHH000204: Processing PersistenceUnitInfo [name: default]
2023-03-12T15:42:43.801-05:00  INFO 4804 --- [main] org.hibernate.Version                    : HHH000412: Hibernate ORM core version 6.1.7.Final
2023-03-12T15:42:44.117-05:00  WARN 4804 --- [main] org.hibernate.dialect.Dialect            : HHH000511: The 5.5.0 version for [org.hibernate.dialect.MySQLDialect] is no longer supported, hence certain features may not work properly. The minimum supported version is 5.7.0. Check the community dialects project for available legacy versions.
2023-03-12T15:42:44.123-05:00  INFO 4804 --- [main] SQL dialect                              : HHH000400: Using dialect: org.hibernate.dialect.MySQLDialect
2023-03-12T15:42:44.393-05:00  INFO 4804 --- [main] o.h.e.t.j.p.i.JtaPlatformInitiator       : HHH000490: Using JtaPlatform implementation: [org.hibernate.engine.transaction.jta.platform.internal.NoJtaPlatform]
2023-03-12T15:42:44.403-05:00  INFO 4804 --- [main] j.LocalContainerEntityManagerFactoryBean : Initialized JPA EntityManagerFactory for persistence unit 'default'
2023-03-12T15:42:44.499-05:00  WARN 4804 --- [main] JpaBaseConfiguration$JpaWebConfiguration : spring.jpa.open-in-view is enabled by default. Therefore, database queries may be performed during view rendering. Explicitly configure spring.jpa.open-in-view to disable this warning
2023-03-12T15:42:44.832-05:00  INFO 4804 --- [main] o.s.b.w.embedded.tomcat.TomcatWebServer  : Tomcat started on port(s): 8080 (http) with context path '/cinestarapi'
2023-03-12T15:42:44.846-05:00  INFO 4804 --- [main] api.cinestar.CinestarapiApplication      : Started CinestarapiApplication in 3.321 seconds (process running for 4.056)
2023-03-12T15:42:59.322-05:00  INFO 4804 --- [http-nio-8080-exec-2] o.a.c.c.C.[.[localhost].[/cinestarapi]   : Initializing Spring DispatcherServlet 'dispatcherServlet'
2023-03-12T15:42:59.323-05:00  INFO 4804 --- [http-nio-8080-exec-2] o.s.web.servlet.DispatcherServlet        : Initializing Servlet 'dispatcherServlet'
2023-03-12T15:42:59.326-05:00  INFO 4804 --- [http-nio-8080-exec-2] o.s.web.servlet.DispatcherServlet        : Completed initialization in 2 ms
2023-03-12T15:44:41.960-05:00  INFO 4804 --- [RMI TCP Connection(9)-127.0.0.1] inMXBeanRegistrar$SpringApplicationAdmin : Application shutdown requested.
2023-03-12T15:44:41.970-05:00  INFO 4804 --- [RMI TCP Connection(9)-127.0.0.1] o.apache.catalina.core.StandardService   : Stopping service [Tomcat]
2023-03-12T15:44:41.972-05:00  INFO 4804 --- [RMI TCP Connection(9)-127.0.0.1] o.a.c.c.C.[.[localhost].[/cinestarapi]   : Destroying Spring FrameworkServlet 'dispatcherServlet'
2023-03-12T15:44:41.999-05:00  INFO 4804 --- [RMI TCP Connection(9)-127.0.0.1] j.LocalContainerEntityManagerFactoryBean : Closing JPA EntityManagerFactory for persistence unit 'default'
2023-03-12T15:44:42.001-05:00  INFO 4804 --- [RMI TCP Connection(9)-127.0.0.1] com.zaxxer.hikari.HikariDataSource       : HikariPool-1 - Shutdown initiated...
2023-03-12T15:44:42.008-05:00  INFO 4804 --- [RMI TCP Connection(9)-127.0.0.1] com.zaxxer.hikari.HikariDataSource       : HikariPool-1 - Shutdown completed.
2023-03-12T15:49:46.492-05:00  INFO 5104 --- [main] api.cinestar.CinestarapiApplication      : Starting CinestarapiApplication using Java 19.0.2 with PID 5104 (C:\Users\Alexander\Documents\workspace-spring-tool-suite-4-4.17.2.RELEASE\cinestarapi\target\classes started by Alexander in C:\Users\Alexander\Documents\workspace-spring-tool-suite-4-4.17.2.RELEASE\cinestarapi)
2023-03-12T15:49:46.495-05:00  INFO 5104 --- [main] api.cinestar.CinestarapiApplication      : No active profile set, falling back to 1 default profile: "default"
2023-03-12T15:49:47.315-05:00  INFO 5104 --- [main] .s.d.r.c.RepositoryConfigurationDelegate : Bootstrapping Spring Data JPA repositories in DEFAULT mode.
2023-03-12T15:49:47.485-05:00  INFO 5104 --- [main] .s.d.r.c.RepositoryConfigurationDelegate : Finished Spring Data repository scanning in 157 ms. Found 2 JPA repository interfaces.
2023-03-12T15:49:48.002-05:00  INFO 5104 --- [main] o.s.b.w.embedded.tomcat.TomcatWebServer  : Tomcat initialized with port(s): 8080 (http)
2023-03-12T15:49:48.012-05:00  INFO 5104 --- [main] o.apache.catalina.core.StandardService   : Starting service [Tomcat]
2023-03-12T15:49:48.013-05:00  INFO 5104 --- [main] o.apache.catalina.core.StandardEngine    : Starting Servlet engine: [Apache Tomcat/10.1.5]
2023-03-12T15:49:48.111-05:00  INFO 5104 --- [main] o.a.c.c.C.[.[localhost].[/cinestarapi]   : Initializing Spring embedded WebApplicationContext
2023-03-12T15:49:48.112-05:00  INFO 5104 --- [main] w.s.c.ServletWebServerApplicationContext : Root WebApplicationContext: initialization completed in 1543 ms
2023-03-12T15:49:48.239-05:00  INFO 5104 --- [main] com.zaxxer.hikari.HikariDataSource       : HikariPool-1 - Starting...
2023-03-12T15:49:48.397-05:00  INFO 5104 --- [main] com.zaxxer.hikari.pool.HikariPool        : HikariPool-1 - Added connection com.mysql.cj.jdbc.ConnectionImpl@b0f2d91
2023-03-12T15:49:48.400-05:00  INFO 5104 --- [main] com.zaxxer.hikari.HikariDataSource       : HikariPool-1 - Start completed.
2023-03-12T15:49:48.440-05:00  INFO 5104 --- [main] o.hibernate.jpa.internal.util.LogHelper  : HHH000204: Processing PersistenceUnitInfo [name: default]
2023-03-12T15:49:48.487-05:00  INFO 5104 --- [main] org.hibernate.Version                    : HHH000412: Hibernate ORM core version 6.1.7.Final
2023-03-12T15:49:48.827-05:00  WARN 5104 --- [main] org.hibernate.dialect.Dialect            : HHH000511: The 5.5.0 version for [org.hibernate.dialect.MySQLDialect] is no longer supported, hence certain features may not work properly. The minimum supported version is 5.7.0. Check the community dialects project for available legacy versions.
2023-03-12T15:49:48.835-05:00  INFO 5104 --- [main] SQL dialect                              : HHH000400: Using dialect: org.hibernate.dialect.MySQLDialect
2023-03-12T15:49:49.541-05:00  INFO 5104 --- [main] o.h.e.t.j.p.i.JtaPlatformInitiator       : HHH000490: Using JtaPlatform implementation: [org.hibernate.engine.transaction.jta.platform.internal.NoJtaPlatform]
2023-03-12T15:49:49.553-05:00  INFO 5104 --- [main] j.LocalContainerEntityManagerFactoryBean : Initialized JPA EntityManagerFactory for persistence unit 'default'
2023-03-12T15:49:49.838-05:00  WARN 5104 --- [main] JpaBaseConfiguration$JpaWebConfiguration : spring.jpa.open-in-view is enabled by default. Therefore, database queries may be performed during view rendering. Explicitly configure spring.jpa.open-in-view to disable this warning
2023-03-12T15:49:50.157-05:00  INFO 5104 --- [main] o.s.b.w.embedded.tomcat.TomcatWebServer  : Tomcat started on port(s): 8080 (http) with context path '/cinestarapi'
2023-03-12T15:49:50.167-05:00  INFO 5104 --- [main] api.cinestar.CinestarapiApplication      : Started CinestarapiApplication in 4.125 seconds (process running for 4.926)
2023-03-12T15:49:56.356-05:00  INFO 5104 --- [http-nio-8080-exec-1] o.a.c.c.C.[.[localhost].[/cinestarapi]   : Initializing Spring DispatcherServlet 'dispatcherServlet'
2023-03-12T15:49:56.357-05:00  INFO 5104 --- [http-nio-8080-exec-1] o.s.web.servlet.DispatcherServlet        : Initializing Servlet 'dispatcherServlet'
2023-03-12T15:49:56.358-05:00  INFO 5104 --- [http-nio-8080-exec-1] o.s.web.servlet.DispatcherServlet        : Completed initialization in 1 ms
2023-03-12T16:29:08.285-05:00  WARN 5104 --- [HikariPool-1 housekeeper] com.zaxxer.hikari.pool.HikariPool        : HikariPool-1 - Thread starvation or clock leap detected (housekeeper delta=38m19s845ms99µs900ns).
2023-03-12T16:57:19.345-05:00  INFO 5104 --- [RMI TCP Connection(40)-127.0.0.1] inMXBeanRegistrar$SpringApplicationAdmin : Application shutdown requested.
2023-03-12T16:57:19.362-05:00  INFO 5104 --- [RMI TCP Connection(40)-127.0.0.1] o.apache.catalina.core.StandardService   : Stopping service [Tomcat]
2023-03-12T16:57:19.365-05:00  INFO 5104 --- [RMI TCP Connection(40)-127.0.0.1] o.a.c.c.C.[.[localhost].[/cinestarapi]   : Destroying Spring FrameworkServlet 'dispatcherServlet'
2023-03-12T16:57:19.413-05:00  INFO 5104 --- [RMI TCP Connection(40)-127.0.0.1] j.LocalContainerEntityManagerFactoryBean : Closing JPA EntityManagerFactory for persistence unit 'default'
2023-03-12T16:57:19.417-05:00  INFO 5104 --- [RMI TCP Connection(40)-127.0.0.1] com.zaxxer.hikari.HikariDataSource       : HikariPool-1 - Shutdown initiated...
2023-03-12T16:57:19.440-05:00  INFO 5104 --- [RMI TCP Connection(40)-127.0.0.1] com.zaxxer.hikari.HikariDataSource       : HikariPool-1 - Shutdown completed.
2023-03-12T18:20:19.869-05:00  INFO 11404 --- [main] api.cinestar.CinestarapiApplication      : Starting CinestarapiApplication using Java 19.0.2 with PID 11404 (C:\Users\Alexander\Desktop\LPWA_EP_DOMAJIMENEZ\cinestarapi\target\classes started by Alexander in C:\Users\Alexander\Desktop\LPWA_EP_DOMAJIMENEZ\cinestarapi)
2023-03-12T18:20:19.873-05:00  INFO 11404 --- [main] api.cinestar.CinestarapiApplication      : No active profile set, falling back to 1 default profile: "default"
2023-03-12T18:20:20.569-05:00  INFO 11404 --- [main] .s.d.r.c.RepositoryConfigurationDelegate : Bootstrapping Spring Data JPA repositories in DEFAULT mode.
2023-03-12T18:20:20.703-05:00  INFO 11404 --- [main] .s.d.r.c.RepositoryConfigurationDelegate : Finished Spring Data repository scanning in 126 ms. Found 2 JPA repository interfaces.
2023-03-12T18:20:21.203-05:00  INFO 11404 --- [main] o.s.b.w.embedded.tomcat.TomcatWebServer  : Tomcat initialized with port(s): 8080 (http)
2023-03-12T18:20:21.215-05:00  INFO 11404 --- [main] o.apache.catalina.core.StandardService   : Starting service [Tomcat]
2023-03-12T18:20:21.217-05:00  INFO 11404 --- [main] o.apache.catalina.core.StandardEngine    : Starting Servlet engine: [Apache Tomcat/10.1.5]
2023-03-12T18:20:21.367-05:00  INFO 11404 --- [main] o.a.c.c.C.[.[localhost].[/cinestarapi]   : Initializing Spring embedded WebApplicationContext
2023-03-12T18:20:21.367-05:00  INFO 11404 --- [main] w.s.c.ServletWebServerApplicationContext : Root WebApplicationContext: initialization completed in 1404 ms
2023-03-12T18:20:21.499-05:00  INFO 11404 --- [main] com.zaxxer.hikari.HikariDataSource       : HikariPool-1 - Starting...
2023-03-12T18:20:21.667-05:00  INFO 11404 --- [main] com.zaxxer.hikari.pool.HikariPool        : HikariPool-1 - Added connection com.mysql.cj.jdbc.ConnectionImpl@644d1b61
2023-03-12T18:20:21.670-05:00  INFO 11404 --- [main] com.zaxxer.hikari.HikariDataSource       : HikariPool-1 - Start completed.
2023-03-12T18:20:21.714-05:00  INFO 11404 --- [main] o.hibernate.jpa.internal.util.LogHelper  : HHH000204: Processing PersistenceUnitInfo [name: default]
2023-03-12T18:20:21.772-05:00  INFO 11404 --- [main] org.hibernate.Version                    : HHH000412: Hibernate ORM core version 6.1.7.Final
2023-03-12T18:20:22.114-05:00  WARN 11404 --- [main] org.hibernate.dialect.Dialect            : HHH000511: The 5.5.0 version for [org.hibernate.dialect.MySQLDialect] is no longer supported, hence certain features may not work properly. The minimum supported version is 5.7.0. Check the community dialects project for available legacy versions.
2023-03-12T18:20:22.120-05:00  INFO 11404 --- [main] SQL dialect                              : HHH000400: Using dialect: org.hibernate.dialect.MySQLDialect
2023-03-12T18:20:22.835-05:00  INFO 11404 --- [main] o.h.e.t.j.p.i.JtaPlatformInitiator       : HHH000490: Using JtaPlatform implementation: [org.hibernate.engine.transaction.jta.platform.internal.NoJtaPlatform]
2023-03-12T18:20:22.847-05:00  INFO 11404 --- [main] j.LocalContainerEntityManagerFactoryBean : Initialized JPA EntityManagerFactory for persistence unit 'default'
2023-03-12T18:20:23.144-05:00  WARN 11404 --- [main] JpaBaseConfiguration$JpaWebConfiguration : spring.jpa.open-in-view is enabled by default. Therefore, database queries may be performed during view rendering. Explicitly configure spring.jpa.open-in-view to disable this warning
2023-03-12T18:20:23.479-05:00  INFO 11404 --- [main] o.s.b.w.embedded.tomcat.TomcatWebServer  : Tomcat started on port(s): 8080 (http) with context path '/cinestarapi'
2023-03-12T18:20:23.488-05:00  INFO 11404 --- [main] api.cinestar.CinestarapiApplication      : Started CinestarapiApplication in 4.325 seconds (process running for 5.045)
2023-03-12T18:20:23.626-05:00  INFO 11404 --- [http-nio-8080-exec-1] o.a.c.c.C.[.[localhost].[/cinestarapi]   : Initializing Spring DispatcherServlet 'dispatcherServlet'
2023-03-12T18:20:23.630-05:00  INFO 11404 --- [http-nio-8080-exec-1] o.s.web.servlet.DispatcherServlet        : Initializing Servlet 'dispatcherServlet'
2023-03-12T18:20:23.635-05:00  INFO 11404 --- [http-nio-8080-exec-1] o.s.web.servlet.DispatcherServlet        : Completed initialization in 4 ms
2023-03-12T19:35:02.862-05:00  INFO 11404 --- [RMI TCP Connection(83)-127.0.0.1] inMXBeanRegistrar$SpringApplicationAdmin : Application shutdown requested.
2023-03-12T19:35:02.944-05:00  INFO 11404 --- [RMI TCP Connection(83)-127.0.0.1] o.apache.catalina.core.StandardService   : Stopping service [Tomcat]
2023-03-12T19:35:02.954-05:00  INFO 11404 --- [RMI TCP Connection(83)-127.0.0.1] o.a.c.c.C.[.[localhost].[/cinestarapi]   : Destroying Spring FrameworkServlet 'dispatcherServlet'
2023-03-12T19:35:03.061-05:00  INFO 11404 --- [RMI TCP Connection(83)-127.0.0.1] j.LocalContainerEntityManagerFactoryBean : Closing JPA EntityManagerFactory for persistence unit 'default'
2023-03-12T19:35:03.090-05:00  INFO 11404 --- [RMI TCP Connection(83)-127.0.0.1] com.zaxxer.hikari.HikariDataSource       : HikariPool-1 - Shutdown initiated...
2023-03-12T19:35:03.103-05:00  INFO 11404 --- [RMI TCP Connection(83)-127.0.0.1] com.zaxxer.hikari.HikariDataSource       : HikariPool-1 - Shutdown completed.
2023-03-12T20:24:06.717-05:00  INFO 3624 --- [main] api.cinestar.CinestarapiApplication      : Starting CinestarapiApplication using Java 19.0.2 with PID 3624 (C:\Users\Alexander\Desktop\LPWA_EP_DOMAJIMENEZ\cinestarapi\target\classes started by Alexander in C:\Users\Alexander\Desktop\LPWA_EP_DOMAJIMENEZ\cinestarapi)
2023-03-12T20:24:06.721-05:00  INFO 3624 --- [main] api.cinestar.CinestarapiApplication      : No active profile set, falling back to 1 default profile: "default"
2023-03-12T20:24:08.599-05:00  INFO 3624 --- [main] .s.d.r.c.RepositoryConfigurationDelegate : Bootstrapping Spring Data JPA repositories in DEFAULT mode.
2023-03-12T20:24:08.930-05:00  INFO 3624 --- [main] .s.d.r.c.RepositoryConfigurationDelegate : Finished Spring Data repository scanning in 315 ms. Found 2 JPA repository interfaces.
2023-03-12T20:24:09.698-05:00  INFO 3624 --- [main] o.s.b.w.embedded.tomcat.TomcatWebServer  : Tomcat initialized with port(s): 8080 (http)
2023-03-12T20:24:09.717-05:00  INFO 3624 --- [main] o.apache.catalina.core.StandardService   : Starting service [Tomcat]
2023-03-12T20:24:09.717-05:00  INFO 3624 --- [main] o.apache.catalina.core.StandardEngine    : Starting Servlet engine: [Apache Tomcat/10.1.5]
2023-03-12T20:24:09.859-05:00  INFO 3624 --- [main] o.a.c.c.C.[.[localhost].[/cinestarapi]   : Initializing Spring embedded WebApplicationContext
2023-03-12T20:24:09.860-05:00  INFO 3624 --- [main] w.s.c.ServletWebServerApplicationContext : Root WebApplicationContext: initialization completed in 2757 ms
2023-03-12T20:24:10.040-05:00  INFO 3624 --- [main] com.zaxxer.hikari.HikariDataSource       : HikariPool-1 - Starting...
2023-03-12T20:24:10.256-05:00  INFO 3624 --- [main] com.zaxxer.hikari.pool.HikariPool        : HikariPool-1 - Added connection com.mysql.cj.jdbc.ConnectionImpl@413d2cd1
2023-03-12T20:24:10.260-05:00  INFO 3624 --- [main] com.zaxxer.hikari.HikariDataSource       : HikariPool-1 - Start completed.
2023-03-12T20:24:10.337-05:00  INFO 3624 --- [main] o.hibernate.jpa.internal.util.LogHelper  : HHH000204: Processing PersistenceUnitInfo [name: default]
2023-03-12T20:24:10.440-05:00  INFO 3624 --- [main] org.hibernate.Version                    : HHH000412: Hibernate ORM core version 6.1.7.Final
2023-03-12T20:24:10.944-05:00  WARN 3624 --- [main] org.hibernate.dialect.Dialect            : HHH000511: The 5.5.0 version for [org.hibernate.dialect.MySQLDialect] is no longer supported, hence certain features may not work properly. The minimum supported version is 5.7.0. Check the community dialects project for available legacy versions.
2023-03-12T20:24:10.951-05:00  INFO 3624 --- [main] SQL dialect                              : HHH000400: Using dialect: org.hibernate.dialect.MySQLDialect
2023-03-12T20:24:11.822-05:00  INFO 3624 --- [main] o.h.e.t.j.p.i.JtaPlatformInitiator       : HHH000490: Using JtaPlatform implementation: [org.hibernate.engine.transaction.jta.platform.internal.NoJtaPlatform]
2023-03-12T20:24:11.846-05:00  INFO 3624 --- [main] j.LocalContainerEntityManagerFactoryBean : Initialized JPA EntityManagerFactory for persistence unit 'default'
2023-03-12T20:24:12.262-05:00  WARN 3624 --- [main] JpaBaseConfiguration$JpaWebConfiguration : spring.jpa.open-in-view is enabled by default. Therefore, database queries may be performed during view rendering. Explicitly configure spring.jpa.open-in-view to disable this warning
2023-03-12T20:24:12.754-05:00  INFO 3624 --- [main] o.s.b.w.embedded.tomcat.TomcatWebServer  : Tomcat started on port(s): 8080 (http) with context path '/cinestarapi'
2023-03-12T20:24:12.768-05:00  INFO 3624 --- [main] api.cinestar.CinestarapiApplication      : Started CinestarapiApplication in 6.598 seconds (process running for 7.487)
2023-03-12T20:24:27.320-05:00  INFO 3624 --- [http-nio-8080-exec-1] o.a.c.c.C.[.[localhost].[/cinestarapi]   : Initializing Spring DispatcherServlet 'dispatcherServlet'
2023-03-12T20:24:27.321-05:00  INFO 3624 --- [http-nio-8080-exec-1] o.s.web.servlet.DispatcherServlet        : Initializing Servlet 'dispatcherServlet'
2023-03-12T20:24:27.324-05:00  INFO 3624 --- [http-nio-8080-exec-1] o.s.web.servlet.DispatcherServlet        : Completed initialization in 2 ms
2023-03-12T21:02:08.536-05:00  INFO 3624 --- [http-nio-8080-exec-6] o.apache.coyote.http11.Http11Processor   : Error parsing HTTP request header
 Note: further occurrences of HTTP request parsing errors will be logged at DEBUG level.

java.lang.IllegalArgumentException: Invalid character found in method name [0x160x030x010x020x000x010x000x010xfc0x030x03<?[j~K ]. HTTP method names must be tokens
	at org.apache.coyote.http11.Http11InputBuffer.parseRequestLine(Http11InputBuffer.java:419) ~[tomcat-embed-core-10.1.5.jar:10.1.5]
	at org.apache.coyote.http11.Http11Processor.service(Http11Processor.java:272) ~[tomcat-embed-core-10.1.5.jar:10.1.5]
	at org.apache.coyote.AbstractProcessorLight.process(AbstractProcessorLight.java:65) ~[tomcat-embed-core-10.1.5.jar:10.1.5]
	at org.apache.coyote.AbstractProtocol$ConnectionHandler.process(AbstractProtocol.java:859) ~[tomcat-embed-core-10.1.5.jar:10.1.5]
	at org.apache.tomcat.util.net.NioEndpoint$SocketProcessor.doRun(NioEndpoint.java:1734) ~[tomcat-embed-core-10.1.5.jar:10.1.5]
	at org.apache.tomcat.util.net.SocketProcessorBase.run(SocketProcessorBase.java:52) ~[tomcat-embed-core-10.1.5.jar:10.1.5]
	at org.apache.tomcat.util.threads.ThreadPoolExecutor.runWorker(ThreadPoolExecutor.java:1191) ~[tomcat-embed-core-10.1.5.jar:10.1.5]
	at org.apache.tomcat.util.threads.ThreadPoolExecutor$Worker.run(ThreadPoolExecutor.java:659) ~[tomcat-embed-core-10.1.5.jar:10.1.5]
	at org.apache.tomcat.util.threads.TaskThread$WrappingRunnable.run(TaskThread.java:61) ~[tomcat-embed-core-10.1.5.jar:10.1.5]
	at java.base/java.lang.Thread.run(Thread.java:1589) ~[na:na]

2023-03-12T21:14:55.928-05:00  INFO 3624 --- [RMI TCP Connection(57)-127.0.0.1] inMXBeanRegistrar$SpringApplicationAdmin : Application shutdown requested.
2023-03-12T21:14:55.947-05:00  INFO 3624 --- [RMI TCP Connection(57)-127.0.0.1] o.apache.catalina.core.StandardService   : Stopping service [Tomcat]
2023-03-12T21:14:55.949-05:00  INFO 3624 --- [RMI TCP Connection(57)-127.0.0.1] o.a.c.c.C.[.[localhost].[/cinestarapi]   : Destroying Spring FrameworkServlet 'dispatcherServlet'
2023-03-12T21:14:56.002-05:00  INFO 3624 --- [RMI TCP Connection(57)-127.0.0.1] j.LocalContainerEntityManagerFactoryBean : Closing JPA EntityManagerFactory for persistence unit 'default'
2023-03-12T21:14:56.008-05:00  INFO 3624 --- [RMI TCP Connection(57)-127.0.0.1] com.zaxxer.hikari.HikariDataSource       : HikariPool-1 - Shutdown initiated...
2023-03-12T21:14:56.013-05:00  INFO 3624 --- [RMI TCP Connection(57)-127.0.0.1] com.zaxxer.hikari.HikariDataSource       : HikariPool-1 - Shutdown completed.
2023-03-12T21:17:56.900-05:00  INFO 8352 --- [main] api.cinestar.CinestarapiApplication      : Starting CinestarapiApplication using Java 19.0.2 with PID 8352 (C:\Users\Alexander\Desktop\LPWA_EP_DOMAJIMENEZ\cinestarapi\target\classes started by Alexander in C:\Users\Alexander\Desktop\LPWA_EP_DOMAJIMENEZ\cinestarapi)
2023-03-12T21:17:56.903-05:00  INFO 8352 --- [main] api.cinestar.CinestarapiApplication      : No active profile set, falling back to 1 default profile: "default"
2023-03-12T21:17:57.947-05:00  INFO 8352 --- [main] .s.d.r.c.RepositoryConfigurationDelegate : Bootstrapping Spring Data JPA repositories in DEFAULT mode.
2023-03-12T21:17:58.133-05:00  INFO 8352 --- [main] .s.d.r.c.RepositoryConfigurationDelegate : Finished Spring Data repository scanning in 167 ms. Found 2 JPA repository interfaces.
2023-03-12T21:17:58.687-05:00  INFO 8352 --- [main] o.s.b.w.embedded.tomcat.TomcatWebServer  : Tomcat initialized with port(s): 8080 (http)
2023-03-12T21:17:58.700-05:00  INFO 8352 --- [main] o.apache.catalina.core.StandardService   : Starting service [Tomcat]
2023-03-12T21:17:58.701-05:00  INFO 8352 --- [main] o.apache.catalina.core.StandardEngine    : Starting Servlet engine: [Apache Tomcat/10.1.5]
2023-03-12T21:17:58.798-05:00  INFO 8352 --- [main] o.a.c.c.C.[.[localhost].[/cinestarapi]   : Initializing Spring embedded WebApplicationContext
2023-03-12T21:17:58.799-05:00  INFO 8352 --- [main] w.s.c.ServletWebServerApplicationContext : Root WebApplicationContext: initialization completed in 1843 ms
2023-03-12T21:17:58.928-05:00  INFO 8352 --- [main] com.zaxxer.hikari.HikariDataSource       : HikariPool-1 - Starting...
2023-03-12T21:17:59.078-05:00  INFO 8352 --- [main] com.zaxxer.hikari.pool.HikariPool        : HikariPool-1 - Added connection com.mysql.cj.jdbc.ConnectionImpl@19dc0d32
2023-03-12T21:17:59.081-05:00  INFO 8352 --- [main] com.zaxxer.hikari.HikariDataSource       : HikariPool-1 - Start completed.
2023-03-12T21:17:59.122-05:00  INFO 8352 --- [main] o.hibernate.jpa.internal.util.LogHelper  : HHH000204: Processing PersistenceUnitInfo [name: default]
2023-03-12T21:17:59.171-05:00  INFO 8352 --- [main] org.hibernate.Version                    : HHH000412: Hibernate ORM core version 6.1.7.Final
2023-03-12T21:17:59.505-05:00  WARN 8352 --- [main] org.hibernate.dialect.Dialect            : HHH000511: The 5.5.0 version for [org.hibernate.dialect.MySQLDialect] is no longer supported, hence certain features may not work properly. The minimum supported version is 5.7.0. Check the community dialects project for available legacy versions.
2023-03-12T21:17:59.510-05:00  INFO 8352 --- [main] SQL dialect                              : HHH000400: Using dialect: org.hibernate.dialect.MySQLDialect
2023-03-12T21:18:00.275-05:00  INFO 8352 --- [main] o.h.e.t.j.p.i.JtaPlatformInitiator       : HHH000490: Using JtaPlatform implementation: [org.hibernate.engine.transaction.jta.platform.internal.NoJtaPlatform]
2023-03-12T21:18:00.288-05:00  INFO 8352 --- [main] j.LocalContainerEntityManagerFactoryBean : Initialized JPA EntityManagerFactory for persistence unit 'default'
2023-03-12T21:18:00.578-05:00  WARN 8352 --- [main] JpaBaseConfiguration$JpaWebConfiguration : spring.jpa.open-in-view is enabled by default. Therefore, database queries may be performed during view rendering. Explicitly configure spring.jpa.open-in-view to disable this warning
2023-03-12T21:18:00.890-05:00  INFO 8352 --- [main] o.s.b.w.embedded.tomcat.TomcatWebServer  : Tomcat started on port(s): 8080 (http) with context path '/cinestarapi'
2023-03-12T21:18:00.900-05:00  INFO 8352 --- [main] api.cinestar.CinestarapiApplication      : Started CinestarapiApplication in 4.439 seconds (process running for 5.169)
2023-03-12T21:18:21.058-05:00  INFO 8352 --- [http-nio-8080-exec-1] o.a.c.c.C.[.[localhost].[/cinestarapi]   : Initializing Spring DispatcherServlet 'dispatcherServlet'
2023-03-12T21:18:21.059-05:00  INFO 8352 --- [http-nio-8080-exec-1] o.s.web.servlet.DispatcherServlet        : Initializing Servlet 'dispatcherServlet'
2023-03-12T21:18:21.062-05:00  INFO 8352 --- [http-nio-8080-exec-1] o.s.web.servlet.DispatcherServlet        : Completed initialization in 3 ms
